# JRE version: OpenJDK Runtime Environment Temurin-17.0.7+7 (17.0.7+7) (build 17.0.7+7)
# Java VM: OpenJDK 64-Bit Server VM Temurin-17.0.7+7 (17.0.7+7, mixed mode, emulated-client, tiered, compressed oops, compressed class ptrs, g1 gc, windows-amd64)
GC Precious Log:
 CPUs: 8 total, 8 available
 Memory: 8025M
 Large Page Support: Disabled
 NUMA Support: Disabled
 Compressed Oops: Enabled (32-bit)
 Heap Region Size: 1M
 Heap Min Capacity: 8M
 Heap Initial Capacity: 126M
 Heap Max Capacity: 2008M
 Pre-touch: Disabled
 Parallel Workers: 8
 Concurrent Workers: 2
 Concurrent Refinement Workers: 8
 Periodic GC: Disabled
Heap:
 garbage-first heap   total 86016K, used 51192K [0x0000000082800000, 0x0000000100000000)
  region size 1024K, 29 young (29696K), 5 survivors (5120K)
 Metaspace       used 82844K, committed 83456K, reserved 1179648K
  class space    used 11291K, committed 11584K, reserved 1048576K
GC Heap History (20 events):
Event: 2225.552 GC heap before
{Heap before GC invocations=37 (full 3):
 garbage-first heap   total 86016K, used 66252K [0x0000000082800000, 0x0000000100000000)
  region size 1024K, 42 young (43008K), 5 survivors (5120K)
 Metaspace       used 81794K, committed 82432K, reserved 1179648K
  class space    used 11165K, committed 11456K, reserved 1048576K
}
Event: 2225.588 GC heap after
{Heap after GC invocations=38 (full 3):
 garbage-first heap   total 86016K, used 32282K [0x0000000082800000, 0x0000000100000000)
  region size 1024K, 5 young (5120K), 5 survivors (5120K)
 Metaspace       used 81794K, committed 82432K, reserved 1179648K
  class space    used 11165K, committed 11456K, reserved 1048576K
}
Event: 2783.939 GC heap before
{Heap before GC invocations=38 (full 3):
 garbage-first heap   total 86016K, used 66074K [0x0000000082800000, 0x0000000100000000)
  region size 1024K, 38 young (38912K), 5 survivors (5120K)
 Metaspace       used 81872K, committed 82496K, reserved 1179648K
  class space    used 11179K, committed 11456K, reserved 1048576K
}
Event: 2783.964 GC heap after
{Heap after GC invocations=39 (full 3):
 garbage-first heap   total 86016K, used 34353K [0x0000000082800000, 0x0000000100000000)
  region size 1024K, 3 young (3072K), 3 survivors (3072K)
 Metaspace       used 81872K, committed 82496K, reserved 1179648K
  class space    used 11179K, committed 11456K, reserved 1048576K
}
Event: 3715.401 GC heap before
{Heap before GC invocations=40 (full 3):
 garbage-first heap   total 86016K, used 66097K [0x0000000082800000, 0x0000000100000000)
  region size 1024K, 34 young (34816K), 3 survivors (3072K)
 Metaspace       used 81788K, committed 82496K, reserved 1179648K
  class space    used 11163K, committed 11456K, reserved 1048576K
}
Event: 3715.581 GC heap after
{Heap after GC invocations=41 (full 3):
 garbage-first heap   total 86016K, used 32889K [0x0000000082800000, 0x0000000100000000)
  region size 1024K, 1 young (1024K), 1 survivors (1024K)
 Metaspace       used 81788K, committed 82496K, reserved 1179648K
  class space    used 11163K, committed 11456K, reserved 1048576K
}
Event: 3805.151 GC heap before
{Heap before GC invocations=41 (full 3):
 garbage-first heap   total 86016K, used 35961K [0x0000000082800000, 0x0000000100000000)
  region size 1024K, 4 young (4096K), 1 survivors (1024K)
 Metaspace       used 81788K, committed 82496K, reserved 1179648K
  class space    used 11163K, committed 11456K, reserved 1048576K
}
Event: 3805.180 GC heap after
{Heap after GC invocations=42 (full 3):
 garbage-first heap   total 86016K, used 31534K [0x0000000082800000, 0x0000000100000000)
  region size 1024K, 1 young (1024K), 1 survivors (1024K)
 Metaspace       used 81788K, committed 82496K, reserved 1179648K
  class space    used 11163K, committed 11456K, reserved 1048576K
}
Event: 4334.172 GC heap before
{Heap before GC invocations=42 (full 3):
 garbage-first heap   total 86016K, used 56110K [0x0000000082800000, 0x0000000100000000)
  region size 1024K, 26 young (26624K), 1 survivors (1024K)
 Metaspace       used 81802K, committed 82496K, reserved 1179648K
  class space    used 11166K, committed 11456K, reserved 1048576K
}
Event: 4335.107 GC heap after
{Heap after GC invocations=43 (full 4):
 garbage-first heap   total 86016K, used 24493K [0x0000000082800000, 0x0000000100000000)
  region size 1024K, 0 young (0K), 0 survivors (0K)
 Metaspace       used 81746K, committed 82496K, reserved 1179648K
  class space    used 11156K, committed 11456K, reserved 1048576K
}
Event: 4337.982 GC heap before
{Heap before GC invocations=43 (full 4):
 garbage-first heap   total 86016K, used 65453K [0x0000000082800000, 0x0000000100000000)
  region size 1024K, 41 young (41984K), 0 survivors (0K)
 Metaspace       used 81859K, committed 82496K, reserved 1179648K
  class space    used 11172K, committed 11456K, reserved 1048576K
}
Event: 4338.062 GC heap after
{Heap after GC invocations=44 (full 4):
 garbage-first heap   total 86016K, used 28684K [0x0000000082800000, 0x0000000100000000)
  region size 1024K, 5 young (5120K), 5 survivors (5120K)
 Metaspace       used 81859K, committed 82496K, reserved 1179648K
  class space    used 11172K, committed 11456K, reserved 1048576K
}
Event: 4339.032 GC heap before
{Heap before GC invocations=45 (full 4):
 garbage-first heap   total 86016K, used 65548K [0x0000000082800000, 0x0000000100000000)
  region size 1024K, 41 young (41984K), 5 survivors (5120K)
 Metaspace       used 82106K, committed 82688K, reserved 1179648K
  class space    used 11192K, committed 11456K, reserved 1048576K
}
Event: 4339.041 GC heap after
{Heap after GC invocations=46 (full 4):
 garbage-first heap   total 86016K, used 32404K [0x0000000082800000, 0x0000000100000000)
  region size 1024K, 4 young (4096K), 4 survivors (4096K)
 Metaspace       used 82106K, committed 82688K, reserved 1179648K
  class space    used 11192K, committed 11456K, reserved 1048576K
}
Event: 4736.724 GC heap before
{Heap before GC invocations=46 (full 4):
 garbage-first heap   total 86016K, used 65172K [0x0000000082800000, 0x0000000100000000)
  region size 1024K, 37 young (37888K), 4 survivors (4096K)
 Metaspace       used 82214K, committed 82816K, reserved 1179648K
  class space    used 11211K, committed 11456K, reserved 1048576K
}
Event: 4736.845 GC heap after
{Heap after GC invocations=47 (full 4):
 garbage-first heap   total 86016K, used 34698K [0x0000000082800000, 0x0000000100000000)
  region size 1024K, 3 young (3072K), 3 survivors (3072K)
 Metaspace       used 82214K, committed 82816K, reserved 1179648K
  class space    used 11211K, committed 11456K, reserved 1048576K
}
Event: 4903.483 GC heap before
{Heap before GC invocations=48 (full 4):
 garbage-first heap   total 86016K, used 41866K [0x0000000082800000, 0x0000000100000000)
  region size 1024K, 11 young (11264K), 3 survivors (3072K)
 Metaspace       used 82197K, committed 82816K, reserved 1179648K
  class space    used 11209K, committed 11456K, reserved 1048576K
}
Event: 4904.207 GC heap after
{Heap after GC invocations=49 (full 5):
 garbage-first heap   total 86016K, used 24230K [0x0000000082800000, 0x0000000100000000)
  region size 1024K, 0 young (0K), 0 survivors (0K)
 Metaspace       used 82152K, committed 82816K, reserved 1179648K
  class space    used 11201K, committed 11456K, reserved 1048576K
}
Event: 4906.877 GC heap before
{Heap before GC invocations=49 (full 5):
 garbage-first heap   total 86016K, used 63142K [0x0000000082800000, 0x0000000100000000)
  region size 1024K, 39 young (39936K), 0 survivors (0K)
 Metaspace       used 82272K, committed 82880K, reserved 1179648K
  class space    used 11220K, committed 11456K, reserved 1048576K
}
Event: 4906.914 GC heap after
{Heap after GC invocations=50 (full 5):
 garbage-first heap   total 86016K, used 28664K [0x0000000082800000, 0x0000000100000000)
  region size 1024K, 5 young (5120K), 5 survivors (5120K)
 Metaspace       used 82272K, committed 82880K, reserved 1179648K
  class space    used 11220K, committed 11456K, reserved 1048576K
}

